0 info it worked if it ends with ok
1 verbose cli [ '/usr/local/bin/node', '/usr/local/bin/npm', 'update' ]
2 info using npm@1.1.69
3 info using node@v0.8.16
4 error TypeError: Cannot call method 'replace' of undefined
4 error     at /usr/local/lib/node_modules/npm/node_modules/read-package-json/read-json.js:332:45
4 error     at fs.js:117:20
4 error     at /usr/local/lib/node_modules/npm/node_modules/read-installed/node_modules/read-package-json/node_modules/glob/node_modules/graceful-fs/graceful-fs.js:53:5
4 error     at /usr/local/lib/node_modules/npm/node_modules/read-installed/node_modules/read-package-json/node_modules/glob/node_modules/graceful-fs/graceful-fs.js:62:5
4 error     at /usr/local/lib/node_modules/npm/node_modules/read-installed/node_modules/read-package-json/node_modules/graceful-fs/graceful-fs.js:53:5
4 error     at /usr/local/lib/node_modules/npm/node_modules/read-installed/node_modules/read-package-json/node_modules/graceful-fs/graceful-fs.js:62:5
4 error     at /usr/local/lib/node_modules/npm/node_modules/read-installed/node_modules/graceful-fs/graceful-fs.js:53:5
4 error     at /usr/local/lib/node_modules/npm/node_modules/read-installed/node_modules/graceful-fs/graceful-fs.js:62:5
4 error     at /usr/local/lib/node_modules/npm/node_modules/glob/node_modules/graceful-fs/graceful-fs.js:53:5
4 error     at /usr/local/lib/node_modules/npm/node_modules/glob/node_modules/graceful-fs/graceful-fs.js:62:5
5 error If you need help, you may report this log at:
5 error     <http://github.com/isaacs/npm/issues>
5 error or email it to:
5 error     <npm-@googlegroups.com>
6 error System Linux 3.2.0-32-generic
7 error command "/usr/local/bin/node" "/usr/local/bin/npm" "update"
8 error cwd /home/nox/projects/node/modules/ghost
9 error node -v v0.8.16
10 error npm -v 1.1.69
11 error type non_object_property_call
12 verbose exit [ 1, true ]
